<?xml version="1.0" encoding="UTF-8"?>
<!-- Generated by org.testng.reporters.JUnitReportReporter -->
<testsuite skipped="0" hostname="DESKTOP-DTQE29R" name="SeleniumDemoPackage.TestNgTesting" tests="4" failures="0" timestamp="04 Jan 2019 07:17:13 GMT" time="0.032" errors="0">
  <testcase name="z" time="0.008" classname="SeleniumDemoPackage.TestNgTesting"/>
  <testcase name="g" time="0.008" classname="SeleniumDemoPackage.TestNgTesting"/>
  <testcase name="j" time="0.008" classname="SeleniumDemoPackage.TestNgTesting"/>
  <testcase name="d" time="0.008" classname="SeleniumDemoPackage.TestNgTesting"/>
</testsuite> <!-- SeleniumDemoPackage.TestNgTesting -->
