<?xml version="1.0" encoding="UTF-8"?>
<!-- Generated by org.testng.reporters.JUnitReportReporter -->
<testsuite skipped="2" hostname="DESKTOP-DTQE29R" name="SeleniumDemoPackage.Test1" tests="3" failures="0" timestamp="20 Dec 2018 07:52:51 GMT" time="0.000" errors="0">
  <testcase name="test1" time="0.000" classname="SeleniumDemoPackage.Test1">
    <skipped/>
  </testcase> <!-- test1 -->
  <testcase name="test3" time="0.000" classname="SeleniumDemoPackage.Test1"/>
  <testcase name="test2" time="0.000" classname="SeleniumDemoPackage.Test1">
    <skipped/>
  </testcase> <!-- test2 -->
</testsuite> <!-- SeleniumDemoPackage.Test1 -->
