<?xml version="1.0" encoding="UTF-8"?>
<!-- Generated by org.testng.reporters.JUnitReportReporter -->
<testsuite skipped="0" hostname="DESKTOP-DTQE29R" name="SeleniumDemoPackage.ArrayDemo12" tests="3" failures="0" timestamp="02 Jan 2019 07:01:19 GMT" time="0.048" errors="0">
  <testcase name="dataTest" time="0.016" classname="SeleniumDemoPackage.ArrayDemo12"/>
  <testcase name="dataTest" time="0.016" classname="SeleniumDemoPackage.ArrayDemo12"/>
  <testcase name="dataTest" time="0.016" classname="SeleniumDemoPackage.ArrayDemo12"/>
</testsuite> <!-- SeleniumDemoPackage.ArrayDemo12 -->
