<?xml version="1.0" encoding="UTF-8"?>
<!-- Generated by org.testng.reporters.JUnitReportReporter -->
<testsuite skipped="0" hostname="DESKTOP-DTQE29R" name="SeleniumDemoPackage.ArrayDemo123" tests="5" failures="0" timestamp="02 Jan 2019 07:25:25 GMT" time="0.015" errors="0">
  <testcase name="getText" time="0.000" classname="SeleniumDemoPackage.ArrayDemo123"/>
  <testcase name="getText" time="0.000" classname="SeleniumDemoPackage.ArrayDemo123"/>
  <testcase name="getText" time="0.000" classname="SeleniumDemoPackage.ArrayDemo123"/>
  <testcase name="getText" time="0.000" classname="SeleniumDemoPackage.ArrayDemo123"/>
  <testcase name="getText" time="0.015" classname="SeleniumDemoPackage.ArrayDemo123"/>
</testsuite> <!-- SeleniumDemoPackage.ArrayDemo123 -->
