<?xml version="1.0" encoding="UTF-8"?>
<!-- Generated by org.testng.reporters.JUnitReportReporter -->
<testsuite skipped="2" hostname="DESKTOP-DTQE29R" name="SeleniumDemoPackage.SkipTestCase" tests="4" failures="0" timestamp="20 Dec 2018 07:51:55 GMT" time="0.000" errors="0">
  <testcase name="testone" time="0.000" classname="SeleniumDemoPackage.SkipTestCase"/>
  <testcase name="testtwo" time="0.000" classname="SeleniumDemoPackage.SkipTestCase">
    <skipped/>
  </testcase> <!-- testtwo -->
  <testcase name="testthree" time="0.000" classname="SeleniumDemoPackage.SkipTestCase">
    <skipped/>
  </testcase> <!-- testthree -->
  <testcase name="testfour" time="0.000" classname="SeleniumDemoPackage.SkipTestCase"/>
</testsuite> <!-- SeleniumDemoPackage.SkipTestCase -->
