<?xml version="1.0" encoding="UTF-8"?>
<!-- Generated by org.testng.reporters.JUnitReportReporter -->
<testsuite skipped="1" hostname="DESKTOP-DTQE29R" name="SeleniumDemoPackage.Test3" tests="3" failures="0" timestamp="20 Dec 2018 07:52:51 GMT" time="0.031" errors="0">
  <testcase name="test7" time="0.031" classname="SeleniumDemoPackage.Test3"/>
  <testcase name="test8" time="0.000" classname="SeleniumDemoPackage.Test3"/>
  <testcase name="test9" time="0.000" classname="SeleniumDemoPackage.Test3">
    <skipped/>
  </testcase> <!-- test9 -->
</testsuite> <!-- SeleniumDemoPackage.Test3 -->
